<?xml version="1.0" encoding="UTF-8"?>
<!-- Generated by org.testng.reporters.JUnitXMLReporter -->
<testsuite hostname="DELLInspiron15" ignored="0" name="Validating Login Page" tests="2" failures="0" timestamp="2020-12-08T23:18:36 IST" time="6.449" errors="0">
  <testcase name="@BeforeTest IniialiseDriver" time="6.413" classname="framework.FrameworkBuild.HomePage">
    <failure type="org.openqa.selenium.WebDriverException" message="unknown error: Chrome failed to start: exited normally.
  (unknown error: DevToolsActivePort file doesn&amp;apos;t exist)
  (The process started from chrome location C:\Users\DELL Inspiron 5570\AppData\Local\Google\Chrome\Application\chrome.exe is no longer running, so ChromeDriver is assuming that Chrome has crashed.)
Build info: version: &amp;apos;3.141.59&amp;apos;, revision: &amp;apos;e82be7d358&amp;apos;, time: &amp;apos;2018-11-14T08:17:03&amp;apos;
System info: host: &amp;apos;DELLINSPIRON15&amp;apos;, ip: &amp;apos;192.168.0.104&amp;apos;, os.name: &amp;apos;Windows 10&amp;apos;, os.arch: &amp;apos;amd64&amp;apos;, os.version: &amp;apos;10.0&amp;apos;, java.version: &amp;apos;1.8.0_261&amp;apos;
Driver info: driver.version: ChromeDriver
remote stacktrace: Backtrace:
	Ordinal0 [0x003AD383+3134339]
	Ordinal0 [0x0029A171+2007409]
	Ordinal0 [0x0013AEE8+569064]
	Ordinal0 [0x000BD721+55073]
	Ordinal0 [0x000E0DFC+200188]
	Ordinal0 [0x000E0C1D+199709]
	Ordinal0 [0x000DEB0B+191243]
	Ordinal0 [0x000C2E77+77431]
	Ordinal0 [0x000C3E3E+81470]
	Ordinal0 [0x000C3DC9+81353]
	Ordinal0 [0x002B0CD9+2100441]
	GetHandleVerifier [0x0051B75A+1396954]
	GetHandleVerifier [0x0051B3D9+1396057]
	GetHandleVerifier [0x00527126+1444518]
	GetHandleVerifier [0x0051BCE8+1398376]
	Ordinal0 [0x002A7F51+2064209]
	Ordinal0 [0x002B22EB+2106091]
	Ordinal0 [0x002B2411+2106385]
	Ordinal0 [0x002C49C4+2181572]
	BaseThreadInitThunk [0x77306359+25]
	RtlGetAppContainerNamedObjectPath [0x77648944+228]
	RtlGetAppContainerNamedObjectPath [0x77648914+180]
	(No symbol) [0x00000000]
">
      <![CDATA[org.openqa.selenium.WebDriverException: unknown error: Chrome failed to start: exited normally.
  (unknown error: DevToolsActivePort file doesn't exist)
  (The process started from chrome location C:\Users\DELL Inspiron 5570\AppData\Local\Google\Chrome\Application\chrome.exe is no longer running, so ChromeDriver is assuming that Chrome has crashed.)
Build info: version: '3.141.59', revision: 'e82be7d358', time: '2018-11-14T08:17:03'
System info: host: 'DELLINSPIRON15', ip: '192.168.0.104', os.name: 'Windows 10', os.arch: 'amd64', os.version: '10.0', java.version: '1.8.0_261'
Driver info: driver.version: ChromeDriver
remote stacktrace: Backtrace:
Ordinal0 [0x003AD383+3134339]
Ordinal0 [0x0029A171+2007409]
Ordinal0 [0x0013AEE8+569064]
Ordinal0 [0x000BD721+55073]
Ordinal0 [0x000E0DFC+200188]
Ordinal0 [0x000E0C1D+199709]
Ordinal0 [0x000DEB0B+191243]
Ordinal0 [0x000C2E77+77431]
Ordinal0 [0x000C3E3E+81470]
Ordinal0 [0x000C3DC9+81353]
Ordinal0 [0x002B0CD9+2100441]
GetHandleVerifier [0x0051B75A+1396954]
GetHandleVerifier [0x0051B3D9+1396057]
GetHandleVerifier [0x00527126+1444518]
GetHandleVerifier [0x0051BCE8+1398376]
Ordinal0 [0x002A7F51+2064209]
Ordinal0 [0x002B22EB+2106091]
Ordinal0 [0x002B2411+2106385]
Ordinal0 [0x002C49C4+2181572]
BaseThreadInitThunk [0x77306359+25]
RtlGetAppContainerNamedObjectPath [0x77648944+228]
RtlGetAppContainerNamedObjectPath [0x77648914+180]
(No symbol) [0x00000000]

at org.openqa.selenium.remote.W3CHandshakeResponse.lambda$errorHandler$0(W3CHandshakeResponse.java:62)
at org.openqa.selenium.remote.HandshakeResponse.lambda$getResponseFunction$0(HandshakeResponse.java:30)
at org.openqa.selenium.remote.ProtocolHandshake.lambda$createSession$0(ProtocolHandshake.java:126)
at java.util.stream.ReferencePipeline$3$1.accept(ReferencePipeline.java:193)
at java.util.Spliterators$ArraySpliterator.tryAdvance(Spliterators.java:958)
at java.util.stream.ReferencePipeline.forEachWithCancel(ReferencePipeline.java:126)
at java.util.stream.AbstractPipeline.copyIntoWithCancel(AbstractPipeline.java:499)
at java.util.stream.AbstractPipeline.copyInto(AbstractPipeline.java:486)
at java.util.stream.AbstractPipeline.wrapAndCopyInto(AbstractPipeline.java:472)
at java.util.stream.FindOps$FindOp.evaluateSequential(FindOps.java:152)
at java.util.stream.AbstractPipeline.evaluate(AbstractPipeline.java:234)
at java.util.stream.ReferencePipeline.findFirst(ReferencePipeline.java:464)
at org.openqa.selenium.remote.ProtocolHandshake.createSession(ProtocolHandshake.java:128)
at org.openqa.selenium.remote.ProtocolHandshake.createSession(ProtocolHandshake.java:74)
at org.openqa.selenium.remote.HttpCommandExecutor.execute(HttpCommandExecutor.java:136)
at org.openqa.selenium.remote.service.DriverCommandExecutor.execute(DriverCommandExecutor.java:83)
at org.openqa.selenium.remote.RemoteWebDriver.execute(RemoteWebDriver.java:552)
at org.openqa.selenium.remote.RemoteWebDriver.startSession(RemoteWebDriver.java:213)
at org.openqa.selenium.remote.RemoteWebDriver.<init>(RemoteWebDriver.java:131)
at org.openqa.selenium.chrome.ChromeDriver.<init>(ChromeDriver.java:181)
at org.openqa.selenium.chrome.ChromeDriver.<init>(ChromeDriver.java:168)
at org.openqa.selenium.chrome.ChromeDriver.<init>(ChromeDriver.java:123)
at resources.base.initializeDriver(base.java:38)
at framework.FrameworkBuild.HomePage.IniialiseDriver(HomePage.java:24)
... Removed 32 stack frames]]>
    </failure>
  </testcase> <!-- @BeforeTest IniialiseDriver -->
  <testcase name="@AfterTest TearDown" time="-1.607449716664E9" classname="framework.FrameworkBuild.HomePage">
    <skipped/>
  </testcase> <!-- @AfterTest TearDown -->
  <testcase name="BaseIntialization" time="0.0" classname="framework.FrameworkBuild.HomePage">
    <skipped/>
  </testcase> <!-- BaseIntialization -->
  <testcase name="BaseIntialization" time="0.0" classname="framework.FrameworkBuild.HomePage">
    <skipped/>
  </testcase> <!-- BaseIntialization -->
</testsuite> <!-- Validating Login Page -->
