<?xml version="1.0" encoding="UTF-8"?>
<testng-results skipped="3" failed="0" ignored="0" total="3" passed="0">
  <reporter-output>
  </reporter-output>
  <suite name="Suite" duration-ms="10524" started-at="2020-12-08T23:18:30 IST" finished-at="2020-12-08T23:18:40 IST">
    <groups>
    </groups>
    <test name="Validating Login Page" duration-ms="6449" started-at="2020-12-08T23:18:30 IST" finished-at="2020-12-08T23:18:36 IST">
      <class name="framework.FrameworkBuild.HomePage">
        <test-method status="FAIL" signature="IniialiseDriver()[pri:0, instance:framework.FrameworkBuild.HomePage@7d20d0b]" name="IniialiseDriver" is-config="true" duration-ms="6413" started-at="2020-12-08T23:18:30 IST" finished-at="2020-12-08T23:18:36 IST">
          <exception class="org.openqa.selenium.WebDriverException">
            <message>
              <![CDATA[unknown error: Chrome failed to start: exited normally.
  (unknown error: DevToolsActivePort file doesn't exist)
  (The process started from chrome location C:\Users\DELL Inspiron 5570\AppData\Local\Google\Chrome\Application\chrome.exe is no longer running, so ChromeDriver is assuming that Chrome has crashed.)
Build info: version: '3.141.59', revision: 'e82be7d358', time: '2018-11-14T08:17:03'
System info: host: 'DELLINSPIRON15', ip: '192.168.0.104', os.name: 'Windows 10', os.arch: 'amd64', os.version: '10.0', java.version: '1.8.0_261'
Driver info: driver.version: ChromeDriver
remote stacktrace: Backtrace:
Ordinal0 [0x003AD383+3134339]
Ordinal0 [0x0029A171+2007409]
Ordinal0 [0x0013AEE8+569064]
Ordinal0 [0x000BD721+55073]
Ordinal0 [0x000E0DFC+200188]
Ordinal0 [0x000E0C1D+199709]
Ordinal0 [0x000DEB0B+191243]
Ordinal0 [0x000C2E77+77431]
Ordinal0 [0x000C3E3E+81470]
Ordinal0 [0x000C3DC9+81353]
Ordinal0 [0x002B0CD9+2100441]
GetHandleVerifier [0x0051B75A+1396954]
GetHandleVerifier [0x0051B3D9+1396057]
GetHandleVerifier [0x00527126+1444518]
GetHandleVerifier [0x0051BCE8+1398376]
Ordinal0 [0x002A7F51+2064209]
Ordinal0 [0x002B22EB+2106091]
Ordinal0 [0x002B2411+2106385]
Ordinal0 [0x002C49C4+2181572]
BaseThreadInitThunk [0x77306359+25]
RtlGetAppContainerNamedObjectPath [0x77648944+228]
RtlGetAppContainerNamedObjectPath [0x77648914+180]
(No symbol) [0x00000000]
]]>
            </message>
            <full-stacktrace>
              <![CDATA[org.openqa.selenium.WebDriverException: unknown error: Chrome failed to start: exited normally.
  (unknown error: DevToolsActivePort file doesn't exist)
  (The process started from chrome location C:\Users\DELL Inspiron 5570\AppData\Local\Google\Chrome\Application\chrome.exe is no longer running, so ChromeDriver is assuming that Chrome has crashed.)
Build info: version: '3.141.59', revision: 'e82be7d358', time: '2018-11-14T08:17:03'
System info: host: 'DELLINSPIRON15', ip: '192.168.0.104', os.name: 'Windows 10', os.arch: 'amd64', os.version: '10.0', java.version: '1.8.0_261'
Driver info: driver.version: ChromeDriver
remote stacktrace: Backtrace:
Ordinal0 [0x003AD383+3134339]
Ordinal0 [0x0029A171+2007409]
Ordinal0 [0x0013AEE8+569064]
Ordinal0 [0x000BD721+55073]
Ordinal0 [0x000E0DFC+200188]
Ordinal0 [0x000E0C1D+199709]
Ordinal0 [0x000DEB0B+191243]
Ordinal0 [0x000C2E77+77431]
Ordinal0 [0x000C3E3E+81470]
Ordinal0 [0x000C3DC9+81353]
Ordinal0 [0x002B0CD9+2100441]
GetHandleVerifier [0x0051B75A+1396954]
GetHandleVerifier [0x0051B3D9+1396057]
GetHandleVerifier [0x00527126+1444518]
GetHandleVerifier [0x0051BCE8+1398376]
Ordinal0 [0x002A7F51+2064209]
Ordinal0 [0x002B22EB+2106091]
Ordinal0 [0x002B2411+2106385]
Ordinal0 [0x002C49C4+2181572]
BaseThreadInitThunk [0x77306359+25]
RtlGetAppContainerNamedObjectPath [0x77648944+228]
RtlGetAppContainerNamedObjectPath [0x77648914+180]
(No symbol) [0x00000000]

at sun.reflect.NativeConstructorAccessorImpl.newInstance0(Native Method)
at sun.reflect.NativeConstructorAccessorImpl.newInstance(NativeConstructorAccessorImpl.java:62)
at sun.reflect.DelegatingConstructorAccessorImpl.newInstance(DelegatingConstructorAccessorImpl.java:45)
at java.lang.reflect.Constructor.newInstance(Constructor.java:423)
at org.openqa.selenium.remote.W3CHandshakeResponse.lambda$errorHandler$0(W3CHandshakeResponse.java:62)
at org.openqa.selenium.remote.HandshakeResponse.lambda$getResponseFunction$0(HandshakeResponse.java:30)
at org.openqa.selenium.remote.ProtocolHandshake.lambda$createSession$0(ProtocolHandshake.java:126)
at java.util.stream.ReferencePipeline$3$1.accept(ReferencePipeline.java:193)
at java.util.Spliterators$ArraySpliterator.tryAdvance(Spliterators.java:958)
at java.util.stream.ReferencePipeline.forEachWithCancel(ReferencePipeline.java:126)
at java.util.stream.AbstractPipeline.copyIntoWithCancel(AbstractPipeline.java:499)
at java.util.stream.AbstractPipeline.copyInto(AbstractPipeline.java:486)
at java.util.stream.AbstractPipeline.wrapAndCopyInto(AbstractPipeline.java:472)
at java.util.stream.FindOps$FindOp.evaluateSequential(FindOps.java:152)
at java.util.stream.AbstractPipeline.evaluate(AbstractPipeline.java:234)
at java.util.stream.ReferencePipeline.findFirst(ReferencePipeline.java:464)
at org.openqa.selenium.remote.ProtocolHandshake.createSession(ProtocolHandshake.java:128)
at org.openqa.selenium.remote.ProtocolHandshake.createSession(ProtocolHandshake.java:74)
at org.openqa.selenium.remote.HttpCommandExecutor.execute(HttpCommandExecutor.java:136)
at org.openqa.selenium.remote.service.DriverCommandExecutor.execute(DriverCommandExecutor.java:83)
at org.openqa.selenium.remote.RemoteWebDriver.execute(RemoteWebDriver.java:552)
at org.openqa.selenium.remote.RemoteWebDriver.startSession(RemoteWebDriver.java:213)
at org.openqa.selenium.remote.RemoteWebDriver.<init>(RemoteWebDriver.java:131)
at org.openqa.selenium.chrome.ChromeDriver.<init>(ChromeDriver.java:181)
at org.openqa.selenium.chrome.ChromeDriver.<init>(ChromeDriver.java:168)
at org.openqa.selenium.chrome.ChromeDriver.<init>(ChromeDriver.java:123)
at resources.base.initializeDriver(base.java:38)
at framework.FrameworkBuild.HomePage.IniialiseDriver(HomePage.java:24)
at sun.reflect.NativeMethodAccessorImpl.invoke0(Native Method)
at sun.reflect.NativeMethodAccessorImpl.invoke(NativeMethodAccessorImpl.java:62)
at sun.reflect.DelegatingMethodAccessorImpl.invoke(DelegatingMethodAccessorImpl.java:43)
at java.lang.reflect.Method.invoke(Method.java:498)
at org.testng.internal.MethodInvocationHelper.invokeMethod(MethodInvocationHelper.java:132)
at org.testng.internal.MethodInvocationHelper.invokeMethodConsideringTimeout(MethodInvocationHelper.java:61)
at org.testng.internal.ConfigInvoker.invokeConfigurationMethod(ConfigInvoker.java:366)
at org.testng.internal.ConfigInvoker.invokeConfigurations(ConfigInvoker.java:320)
at org.testng.TestRunner.invokeTestConfigurations(TestRunner.java:617)
at org.testng.TestRunner.beforeRun(TestRunner.java:607)
at org.testng.TestRunner.run(TestRunner.java:578)
at org.testng.SuiteRunner.runTest(SuiteRunner.java:384)
at org.testng.SuiteRunner.runSequentially(SuiteRunner.java:378)
at org.testng.SuiteRunner.privateRun(SuiteRunner.java:337)
at org.testng.SuiteRunner.run(SuiteRunner.java:286)
at org.testng.SuiteRunnerWorker.runSuite(SuiteRunnerWorker.java:53)
at org.testng.SuiteRunnerWorker.run(SuiteRunnerWorker.java:96)
at org.testng.TestNG.runSuitesSequentially(TestNG.java:1218)
at org.testng.TestNG.runSuitesLocally(TestNG.java:1140)
at org.testng.TestNG.runSuites(TestNG.java:1069)
at org.testng.TestNG.run(TestNG.java:1037)
at org.apache.maven.surefire.testng.TestNGExecutor.run(TestNGExecutor.java:284)
at org.apache.maven.surefire.testng.TestNGXmlTestSuite.execute(TestNGXmlTestSuite.java:75)
at org.apache.maven.surefire.testng.TestNGProvider.invoke(TestNGProvider.java:119)
at org.apache.maven.surefire.booter.ForkedBooter.runSuitesInProcess(ForkedBooter.java:428)
at org.apache.maven.surefire.booter.ForkedBooter.execute(ForkedBooter.java:162)
at org.apache.maven.surefire.booter.ForkedBooter.run(ForkedBooter.java:562)
at org.apache.maven.surefire.booter.ForkedBooter.main(ForkedBooter.java:548)
]]>
            </full-stacktrace>
          </exception> <!-- org.openqa.selenium.WebDriverException -->
          <reporter-output>
          </reporter-output>
        </test-method> <!-- IniialiseDriver -->
        <test-method status="SKIP" signature="BaseIntialization(java.lang.String, java.lang.String)[pri:0, instance:framework.FrameworkBuild.HomePage@7d20d0b]" name="BaseIntialization" duration-ms="0" started-at="2020-12-08T23:18:36 IST" data-provider="getData" finished-at="2020-12-08T23:18:36 IST">
          <params>
            <param index="0">
              <value>
                <![CDATA[mohadk1995]]>
              </value>
            </param>
            <param index="1">
              <value>
                <![CDATA[1234]]>
              </value>
            </param>
          </params>
          <exception class="org.openqa.selenium.WebDriverException">
            <message>
              <![CDATA[unknown error: Chrome failed to start: exited normally.
  (unknown error: DevToolsActivePort file doesn't exist)
  (The process started from chrome location C:\Users\DELL Inspiron 5570\AppData\Local\Google\Chrome\Application\chrome.exe is no longer running, so ChromeDriver is assuming that Chrome has crashed.)
Build info: version: '3.141.59', revision: 'e82be7d358', time: '2018-11-14T08:17:03'
System info: host: 'DELLINSPIRON15', ip: '192.168.0.104', os.name: 'Windows 10', os.arch: 'amd64', os.version: '10.0', java.version: '1.8.0_261'
Driver info: driver.version: ChromeDriver
remote stacktrace: Backtrace:
Ordinal0 [0x003AD383+3134339]
Ordinal0 [0x0029A171+2007409]
Ordinal0 [0x0013AEE8+569064]
Ordinal0 [0x000BD721+55073]
Ordinal0 [0x000E0DFC+200188]
Ordinal0 [0x000E0C1D+199709]
Ordinal0 [0x000DEB0B+191243]
Ordinal0 [0x000C2E77+77431]
Ordinal0 [0x000C3E3E+81470]
Ordinal0 [0x000C3DC9+81353]
Ordinal0 [0x002B0CD9+2100441]
GetHandleVerifier [0x0051B75A+1396954]
GetHandleVerifier [0x0051B3D9+1396057]
GetHandleVerifier [0x00527126+1444518]
GetHandleVerifier [0x0051BCE8+1398376]
Ordinal0 [0x002A7F51+2064209]
Ordinal0 [0x002B22EB+2106091]
Ordinal0 [0x002B2411+2106385]
Ordinal0 [0x002C49C4+2181572]
BaseThreadInitThunk [0x77306359+25]
RtlGetAppContainerNamedObjectPath [0x77648944+228]
RtlGetAppContainerNamedObjectPath [0x77648914+180]
(No symbol) [0x00000000]
]]>
            </message>
            <full-stacktrace>
              <![CDATA[org.openqa.selenium.WebDriverException: unknown error: Chrome failed to start: exited normally.
  (unknown error: DevToolsActivePort file doesn't exist)
  (The process started from chrome location C:\Users\DELL Inspiron 5570\AppData\Local\Google\Chrome\Application\chrome.exe is no longer running, so ChromeDriver is assuming that Chrome has crashed.)
Build info: version: '3.141.59', revision: 'e82be7d358', time: '2018-11-14T08:17:03'
System info: host: 'DELLINSPIRON15', ip: '192.168.0.104', os.name: 'Windows 10', os.arch: 'amd64', os.version: '10.0', java.version: '1.8.0_261'
Driver info: driver.version: ChromeDriver
remote stacktrace: Backtrace:
Ordinal0 [0x003AD383+3134339]
Ordinal0 [0x0029A171+2007409]
Ordinal0 [0x0013AEE8+569064]
Ordinal0 [0x000BD721+55073]
Ordinal0 [0x000E0DFC+200188]
Ordinal0 [0x000E0C1D+199709]
Ordinal0 [0x000DEB0B+191243]
Ordinal0 [0x000C2E77+77431]
Ordinal0 [0x000C3E3E+81470]
Ordinal0 [0x000C3DC9+81353]
Ordinal0 [0x002B0CD9+2100441]
GetHandleVerifier [0x0051B75A+1396954]
GetHandleVerifier [0x0051B3D9+1396057]
GetHandleVerifier [0x00527126+1444518]
GetHandleVerifier [0x0051BCE8+1398376]
Ordinal0 [0x002A7F51+2064209]
Ordinal0 [0x002B22EB+2106091]
Ordinal0 [0x002B2411+2106385]
Ordinal0 [0x002C49C4+2181572]
BaseThreadInitThunk [0x77306359+25]
RtlGetAppContainerNamedObjectPath [0x77648944+228]
RtlGetAppContainerNamedObjectPath [0x77648914+180]
(No symbol) [0x00000000]

at sun.reflect.NativeConstructorAccessorImpl.newInstance0(Native Method)
at sun.reflect.NativeConstructorAccessorImpl.newInstance(NativeConstructorAccessorImpl.java:62)
at sun.reflect.DelegatingConstructorAccessorImpl.newInstance(DelegatingConstructorAccessorImpl.java:45)
at java.lang.reflect.Constructor.newInstance(Constructor.java:423)
at org.openqa.selenium.remote.W3CHandshakeResponse.lambda$errorHandler$0(W3CHandshakeResponse.java:62)
at org.openqa.selenium.remote.HandshakeResponse.lambda$getResponseFunction$0(HandshakeResponse.java:30)
at org.openqa.selenium.remote.ProtocolHandshake.lambda$createSession$0(ProtocolHandshake.java:126)
at java.util.stream.ReferencePipeline$3$1.accept(ReferencePipeline.java:193)
at java.util.Spliterators$ArraySpliterator.tryAdvance(Spliterators.java:958)
at java.util.stream.ReferencePipeline.forEachWithCancel(ReferencePipeline.java:126)
at java.util.stream.AbstractPipeline.copyIntoWithCancel(AbstractPipeline.java:499)
at java.util.stream.AbstractPipeline.copyInto(AbstractPipeline.java:486)
at java.util.stream.AbstractPipeline.wrapAndCopyInto(AbstractPipeline.java:472)
at java.util.stream.FindOps$FindOp.evaluateSequential(FindOps.java:152)
at java.util.stream.AbstractPipeline.evaluate(AbstractPipeline.java:234)
at java.util.stream.ReferencePipeline.findFirst(ReferencePipeline.java:464)
at org.openqa.selenium.remote.ProtocolHandshake.createSession(ProtocolHandshake.java:128)
at org.openqa.selenium.remote.ProtocolHandshake.createSession(ProtocolHandshake.java:74)
at org.openqa.selenium.remote.HttpCommandExecutor.execute(HttpCommandExecutor.java:136)
at org.openqa.selenium.remote.service.DriverCommandExecutor.execute(DriverCommandExecutor.java:83)
at org.openqa.selenium.remote.RemoteWebDriver.execute(RemoteWebDriver.java:552)
at org.openqa.selenium.remote.RemoteWebDriver.startSession(RemoteWebDriver.java:213)
at org.openqa.selenium.remote.RemoteWebDriver.<init>(RemoteWebDriver.java:131)
at org.openqa.selenium.chrome.ChromeDriver.<init>(ChromeDriver.java:181)
at org.openqa.selenium.chrome.ChromeDriver.<init>(ChromeDriver.java:168)
at org.openqa.selenium.chrome.ChromeDriver.<init>(ChromeDriver.java:123)
at resources.base.initializeDriver(base.java:38)
at framework.FrameworkBuild.HomePage.IniialiseDriver(HomePage.java:24)
at sun.reflect.NativeMethodAccessorImpl.invoke0(Native Method)
at sun.reflect.NativeMethodAccessorImpl.invoke(NativeMethodAccessorImpl.java:62)
at sun.reflect.DelegatingMethodAccessorImpl.invoke(DelegatingMethodAccessorImpl.java:43)
at java.lang.reflect.Method.invoke(Method.java:498)
at org.testng.internal.MethodInvocationHelper.invokeMethod(MethodInvocationHelper.java:132)
at org.testng.internal.MethodInvocationHelper.invokeMethodConsideringTimeout(MethodInvocationHelper.java:61)
at org.testng.internal.ConfigInvoker.invokeConfigurationMethod(ConfigInvoker.java:366)
at org.testng.internal.ConfigInvoker.invokeConfigurations(ConfigInvoker.java:320)
at org.testng.TestRunner.invokeTestConfigurations(TestRunner.java:617)
at org.testng.TestRunner.beforeRun(TestRunner.java:607)
at org.testng.TestRunner.run(TestRunner.java:578)
at org.testng.SuiteRunner.runTest(SuiteRunner.java:384)
at org.testng.SuiteRunner.runSequentially(SuiteRunner.java:378)
at org.testng.SuiteRunner.privateRun(SuiteRunner.java:337)
at org.testng.SuiteRunner.run(SuiteRunner.java:286)
at org.testng.SuiteRunnerWorker.runSuite(SuiteRunnerWorker.java:53)
at org.testng.SuiteRunnerWorker.run(SuiteRunnerWorker.java:96)
at org.testng.TestNG.runSuitesSequentially(TestNG.java:1218)
at org.testng.TestNG.runSuitesLocally(TestNG.java:1140)
at org.testng.TestNG.runSuites(TestNG.java:1069)
at org.testng.TestNG.run(TestNG.java:1037)
at org.apache.maven.surefire.testng.TestNGExecutor.run(TestNGExecutor.java:284)
at org.apache.maven.surefire.testng.TestNGXmlTestSuite.execute(TestNGXmlTestSuite.java:75)
at org.apache.maven.surefire.testng.TestNGProvider.invoke(TestNGProvider.java:119)
at org.apache.maven.surefire.booter.ForkedBooter.runSuitesInProcess(ForkedBooter.java:428)
at org.apache.maven.surefire.booter.ForkedBooter.execute(ForkedBooter.java:162)
at org.apache.maven.surefire.booter.ForkedBooter.run(ForkedBooter.java:562)
at org.apache.maven.surefire.booter.ForkedBooter.main(ForkedBooter.java:548)
]]>
            </full-stacktrace>
          </exception> <!-- org.openqa.selenium.WebDriverException -->
          <reporter-output>
          </reporter-output>
        </test-method> <!-- BaseIntialization -->
        <test-method status="SKIP" signature="BaseIntialization(java.lang.String, java.lang.String)[pri:0, instance:framework.FrameworkBuild.HomePage@7d20d0b]" name="BaseIntialization" duration-ms="0" started-at="2020-12-08T23:18:36 IST" data-provider="getData" finished-at="2020-12-08T23:18:36 IST">
          <params>
            <param index="0">
              <value>
                <![CDATA[tasnim]]>
              </value>
            </param>
            <param index="1">
              <value>
                <![CDATA[147]]>
              </value>
            </param>
          </params>
          <exception class="org.openqa.selenium.WebDriverException">
            <message>
              <![CDATA[unknown error: Chrome failed to start: exited normally.
  (unknown error: DevToolsActivePort file doesn't exist)
  (The process started from chrome location C:\Users\DELL Inspiron 5570\AppData\Local\Google\Chrome\Application\chrome.exe is no longer running, so ChromeDriver is assuming that Chrome has crashed.)
Build info: version: '3.141.59', revision: 'e82be7d358', time: '2018-11-14T08:17:03'
System info: host: 'DELLINSPIRON15', ip: '192.168.0.104', os.name: 'Windows 10', os.arch: 'amd64', os.version: '10.0', java.version: '1.8.0_261'
Driver info: driver.version: ChromeDriver
remote stacktrace: Backtrace:
Ordinal0 [0x003AD383+3134339]
Ordinal0 [0x0029A171+2007409]
Ordinal0 [0x0013AEE8+569064]
Ordinal0 [0x000BD721+55073]
Ordinal0 [0x000E0DFC+200188]
Ordinal0 [0x000E0C1D+199709]
Ordinal0 [0x000DEB0B+191243]
Ordinal0 [0x000C2E77+77431]
Ordinal0 [0x000C3E3E+81470]
Ordinal0 [0x000C3DC9+81353]
Ordinal0 [0x002B0CD9+2100441]
GetHandleVerifier [0x0051B75A+1396954]
GetHandleVerifier [0x0051B3D9+1396057]
GetHandleVerifier [0x00527126+1444518]
GetHandleVerifier [0x0051BCE8+1398376]
Ordinal0 [0x002A7F51+2064209]
Ordinal0 [0x002B22EB+2106091]
Ordinal0 [0x002B2411+2106385]
Ordinal0 [0x002C49C4+2181572]
BaseThreadInitThunk [0x77306359+25]
RtlGetAppContainerNamedObjectPath [0x77648944+228]
RtlGetAppContainerNamedObjectPath [0x77648914+180]
(No symbol) [0x00000000]
]]>
            </message>
            <full-stacktrace>
              <![CDATA[org.openqa.selenium.WebDriverException: unknown error: Chrome failed to start: exited normally.
  (unknown error: DevToolsActivePort file doesn't exist)
  (The process started from chrome location C:\Users\DELL Inspiron 5570\AppData\Local\Google\Chrome\Application\chrome.exe is no longer running, so ChromeDriver is assuming that Chrome has crashed.)
Build info: version: '3.141.59', revision: 'e82be7d358', time: '2018-11-14T08:17:03'
System info: host: 'DELLINSPIRON15', ip: '192.168.0.104', os.name: 'Windows 10', os.arch: 'amd64', os.version: '10.0', java.version: '1.8.0_261'
Driver info: driver.version: ChromeDriver
remote stacktrace: Backtrace:
Ordinal0 [0x003AD383+3134339]
Ordinal0 [0x0029A171+2007409]
Ordinal0 [0x0013AEE8+569064]
Ordinal0 [0x000BD721+55073]
Ordinal0 [0x000E0DFC+200188]
Ordinal0 [0x000E0C1D+199709]
Ordinal0 [0x000DEB0B+191243]
Ordinal0 [0x000C2E77+77431]
Ordinal0 [0x000C3E3E+81470]
Ordinal0 [0x000C3DC9+81353]
Ordinal0 [0x002B0CD9+2100441]
GetHandleVerifier [0x0051B75A+1396954]
GetHandleVerifier [0x0051B3D9+1396057]
GetHandleVerifier [0x00527126+1444518]
GetHandleVerifier [0x0051BCE8+1398376]
Ordinal0 [0x002A7F51+2064209]
Ordinal0 [0x002B22EB+2106091]
Ordinal0 [0x002B2411+2106385]
Ordinal0 [0x002C49C4+2181572]
BaseThreadInitThunk [0x77306359+25]
RtlGetAppContainerNamedObjectPath [0x77648944+228]
RtlGetAppContainerNamedObjectPath [0x77648914+180]
(No symbol) [0x00000000]

at sun.reflect.NativeConstructorAccessorImpl.newInstance0(Native Method)
at sun.reflect.NativeConstructorAccessorImpl.newInstance(NativeConstructorAccessorImpl.java:62)
at sun.reflect.DelegatingConstructorAccessorImpl.newInstance(DelegatingConstructorAccessorImpl.java:45)
at java.lang.reflect.Constructor.newInstance(Constructor.java:423)
at org.openqa.selenium.remote.W3CHandshakeResponse.lambda$errorHandler$0(W3CHandshakeResponse.java:62)
at org.openqa.selenium.remote.HandshakeResponse.lambda$getResponseFunction$0(HandshakeResponse.java:30)
at org.openqa.selenium.remote.ProtocolHandshake.lambda$createSession$0(ProtocolHandshake.java:126)
at java.util.stream.ReferencePipeline$3$1.accept(ReferencePipeline.java:193)
at java.util.Spliterators$ArraySpliterator.tryAdvance(Spliterators.java:958)
at java.util.stream.ReferencePipeline.forEachWithCancel(ReferencePipeline.java:126)
at java.util.stream.AbstractPipeline.copyIntoWithCancel(AbstractPipeline.java:499)
at java.util.stream.AbstractPipeline.copyInto(AbstractPipeline.java:486)
at java.util.stream.AbstractPipeline.wrapAndCopyInto(AbstractPipeline.java:472)
at java.util.stream.FindOps$FindOp.evaluateSequential(FindOps.java:152)
at java.util.stream.AbstractPipeline.evaluate(AbstractPipeline.java:234)
at java.util.stream.ReferencePipeline.findFirst(ReferencePipeline.java:464)
at org.openqa.selenium.remote.ProtocolHandshake.createSession(ProtocolHandshake.java:128)
at org.openqa.selenium.remote.ProtocolHandshake.createSession(ProtocolHandshake.java:74)
at org.openqa.selenium.remote.HttpCommandExecutor.execute(HttpCommandExecutor.java:136)
at org.openqa.selenium.remote.service.DriverCommandExecutor.execute(DriverCommandExecutor.java:83)
at org.openqa.selenium.remote.RemoteWebDriver.execute(RemoteWebDriver.java:552)
at org.openqa.selenium.remote.RemoteWebDriver.startSession(RemoteWebDriver.java:213)
at org.openqa.selenium.remote.RemoteWebDriver.<init>(RemoteWebDriver.java:131)
at org.openqa.selenium.chrome.ChromeDriver.<init>(ChromeDriver.java:181)
at org.openqa.selenium.chrome.ChromeDriver.<init>(ChromeDriver.java:168)
at org.openqa.selenium.chrome.ChromeDriver.<init>(ChromeDriver.java:123)
at resources.base.initializeDriver(base.java:38)
at framework.FrameworkBuild.HomePage.IniialiseDriver(HomePage.java:24)
at sun.reflect.NativeMethodAccessorImpl.invoke0(Native Method)
at sun.reflect.NativeMethodAccessorImpl.invoke(NativeMethodAccessorImpl.java:62)
at sun.reflect.DelegatingMethodAccessorImpl.invoke(DelegatingMethodAccessorImpl.java:43)
at java.lang.reflect.Method.invoke(Method.java:498)
at org.testng.internal.MethodInvocationHelper.invokeMethod(MethodInvocationHelper.java:132)
at org.testng.internal.MethodInvocationHelper.invokeMethodConsideringTimeout(MethodInvocationHelper.java:61)
at org.testng.internal.ConfigInvoker.invokeConfigurationMethod(ConfigInvoker.java:366)
at org.testng.internal.ConfigInvoker.invokeConfigurations(ConfigInvoker.java:320)
at org.testng.TestRunner.invokeTestConfigurations(TestRunner.java:617)
at org.testng.TestRunner.beforeRun(TestRunner.java:607)
at org.testng.TestRunner.run(TestRunner.java:578)
at org.testng.SuiteRunner.runTest(SuiteRunner.java:384)
at org.testng.SuiteRunner.runSequentially(SuiteRunner.java:378)
at org.testng.SuiteRunner.privateRun(SuiteRunner.java:337)
at org.testng.SuiteRunner.run(SuiteRunner.java:286)
at org.testng.SuiteRunnerWorker.runSuite(SuiteRunnerWorker.java:53)
at org.testng.SuiteRunnerWorker.run(SuiteRunnerWorker.java:96)
at org.testng.TestNG.runSuitesSequentially(TestNG.java:1218)
at org.testng.TestNG.runSuitesLocally(TestNG.java:1140)
at org.testng.TestNG.runSuites(TestNG.java:1069)
at org.testng.TestNG.run(TestNG.java:1037)
at org.apache.maven.surefire.testng.TestNGExecutor.run(TestNGExecutor.java:284)
at org.apache.maven.surefire.testng.TestNGXmlTestSuite.execute(TestNGXmlTestSuite.java:75)
at org.apache.maven.surefire.testng.TestNGProvider.invoke(TestNGProvider.java:119)
at org.apache.maven.surefire.booter.ForkedBooter.runSuitesInProcess(ForkedBooter.java:428)
at org.apache.maven.surefire.booter.ForkedBooter.execute(ForkedBooter.java:162)
at org.apache.maven.surefire.booter.ForkedBooter.run(ForkedBooter.java:562)
at org.apache.maven.surefire.booter.ForkedBooter.main(ForkedBooter.java:548)
]]>
            </full-stacktrace>
          </exception> <!-- org.openqa.selenium.WebDriverException -->
          <reporter-output>
          </reporter-output>
        </test-method> <!-- BaseIntialization -->
        <test-method status="SKIP" signature="TearDown()[pri:0, instance:framework.FrameworkBuild.HomePage@7d20d0b]" name="TearDown" is-config="true" duration-ms="-1607449716664" started-at="2020-12-08T23:18:36 IST" finished-at="1970-01-01T05:30:00 IST">
          <reporter-output>
          </reporter-output>
        </test-method> <!-- TearDown -->
      </class> <!-- framework.FrameworkBuild.HomePage -->
    </test> <!-- Validating Login Page -->
    <test name="Validating Navigation Bar" duration-ms="3885" started-at="2020-12-08T23:18:36 IST" finished-at="2020-12-08T23:18:40 IST">
      <class name="framework.FrameworkBuild.ValidateTitle">
        <test-method status="FAIL" signature="IniialiseDriver()[pri:0, instance:framework.FrameworkBuild.ValidateTitle@1e66f1f5]" name="IniialiseDriver" is-config="true" duration-ms="3883" started-at="2020-12-08T23:18:36 IST" finished-at="2020-12-08T23:18:40 IST">
          <exception class="org.openqa.selenium.SessionNotCreatedException">
            <message>
              <![CDATA[session not created: This version of ChromeDriver only supports Chrome version 85
Build info: version: '3.141.59', revision: 'e82be7d358', time: '2018-11-14T08:17:03'
System info: host: 'DELLINSPIRON15', ip: '192.168.0.104', os.name: 'Windows 10', os.arch: 'amd64', os.version: '10.0', java.version: '1.8.0_261'
Driver info: driver.version: ChromeDriver
remote stacktrace: Backtrace:
Ordinal0 [0x003AD383+3134339]
Ordinal0 [0x0029A171+2007409]
Ordinal0 [0x0013AEE8+569064]
Ordinal0 [0x000C139F+70559]
Ordinal0 [0x000BCC63+52323]
Ordinal0 [0x000E0DFC+200188]
Ordinal0 [0x000E0C1D+199709]
Ordinal0 [0x000DEB0B+191243]
Ordinal0 [0x000C2E77+77431]
Ordinal0 [0x000C3E3E+81470]
Ordinal0 [0x000C3DC9+81353]
Ordinal0 [0x002B0CD9+2100441]
GetHandleVerifier [0x0051B75A+1396954]
GetHandleVerifier [0x0051B3D9+1396057]
GetHandleVerifier [0x00527126+1444518]
GetHandleVerifier [0x0051BCE8+1398376]
Ordinal0 [0x002A7F51+2064209]
Ordinal0 [0x002B22EB+2106091]
Ordinal0 [0x002B2411+2106385]
Ordinal0 [0x002C49C4+2181572]
BaseThreadInitThunk [0x77306359+25]
RtlGetAppContainerNamedObjectPath [0x77648944+228]
RtlGetAppContainerNamedObjectPath [0x77648914+180]
(No symbol) [0x00000000]
]]>
            </message>
            <full-stacktrace>
              <![CDATA[org.openqa.selenium.SessionNotCreatedException: session not created: This version of ChromeDriver only supports Chrome version 85
Build info: version: '3.141.59', revision: 'e82be7d358', time: '2018-11-14T08:17:03'
System info: host: 'DELLINSPIRON15', ip: '192.168.0.104', os.name: 'Windows 10', os.arch: 'amd64', os.version: '10.0', java.version: '1.8.0_261'
Driver info: driver.version: ChromeDriver
remote stacktrace: Backtrace:
Ordinal0 [0x003AD383+3134339]
Ordinal0 [0x0029A171+2007409]
Ordinal0 [0x0013AEE8+569064]
Ordinal0 [0x000C139F+70559]
Ordinal0 [0x000BCC63+52323]
Ordinal0 [0x000E0DFC+200188]
Ordinal0 [0x000E0C1D+199709]
Ordinal0 [0x000DEB0B+191243]
Ordinal0 [0x000C2E77+77431]
Ordinal0 [0x000C3E3E+81470]
Ordinal0 [0x000C3DC9+81353]
Ordinal0 [0x002B0CD9+2100441]
GetHandleVerifier [0x0051B75A+1396954]
GetHandleVerifier [0x0051B3D9+1396057]
GetHandleVerifier [0x00527126+1444518]
GetHandleVerifier [0x0051BCE8+1398376]
Ordinal0 [0x002A7F51+2064209]
Ordinal0 [0x002B22EB+2106091]
Ordinal0 [0x002B2411+2106385]
Ordinal0 [0x002C49C4+2181572]
BaseThreadInitThunk [0x77306359+25]
RtlGetAppContainerNamedObjectPath [0x77648944+228]
RtlGetAppContainerNamedObjectPath [0x77648914+180]
(No symbol) [0x00000000]

at sun.reflect.NativeConstructorAccessorImpl.newInstance0(Native Method)
at sun.reflect.NativeConstructorAccessorImpl.newInstance(NativeConstructorAccessorImpl.java:62)
at sun.reflect.DelegatingConstructorAccessorImpl.newInstance(DelegatingConstructorAccessorImpl.java:45)
at java.lang.reflect.Constructor.newInstance(Constructor.java:423)
at org.openqa.selenium.remote.W3CHandshakeResponse.lambda$errorHandler$0(W3CHandshakeResponse.java:62)
at org.openqa.selenium.remote.HandshakeResponse.lambda$getResponseFunction$0(HandshakeResponse.java:30)
at org.openqa.selenium.remote.ProtocolHandshake.lambda$createSession$0(ProtocolHandshake.java:126)
at java.util.stream.ReferencePipeline$3$1.accept(ReferencePipeline.java:193)
at java.util.Spliterators$ArraySpliterator.tryAdvance(Spliterators.java:958)
at java.util.stream.ReferencePipeline.forEachWithCancel(ReferencePipeline.java:126)
at java.util.stream.AbstractPipeline.copyIntoWithCancel(AbstractPipeline.java:499)
at java.util.stream.AbstractPipeline.copyInto(AbstractPipeline.java:486)
at java.util.stream.AbstractPipeline.wrapAndCopyInto(AbstractPipeline.java:472)
at java.util.stream.FindOps$FindOp.evaluateSequential(FindOps.java:152)
at java.util.stream.AbstractPipeline.evaluate(AbstractPipeline.java:234)
at java.util.stream.ReferencePipeline.findFirst(ReferencePipeline.java:464)
at org.openqa.selenium.remote.ProtocolHandshake.createSession(ProtocolHandshake.java:128)
at org.openqa.selenium.remote.ProtocolHandshake.createSession(ProtocolHandshake.java:74)
at org.openqa.selenium.remote.HttpCommandExecutor.execute(HttpCommandExecutor.java:136)
at org.openqa.selenium.remote.service.DriverCommandExecutor.execute(DriverCommandExecutor.java:83)
at org.openqa.selenium.remote.RemoteWebDriver.execute(RemoteWebDriver.java:552)
at org.openqa.selenium.remote.RemoteWebDriver.startSession(RemoteWebDriver.java:213)
at org.openqa.selenium.remote.RemoteWebDriver.<init>(RemoteWebDriver.java:131)
at org.openqa.selenium.chrome.ChromeDriver.<init>(ChromeDriver.java:181)
at org.openqa.selenium.chrome.ChromeDriver.<init>(ChromeDriver.java:168)
at org.openqa.selenium.chrome.ChromeDriver.<init>(ChromeDriver.java:123)
at resources.base.initializeDriver(base.java:38)
at framework.FrameworkBuild.ValidateTitle.IniialiseDriver(ValidateTitle.java:23)
at sun.reflect.NativeMethodAccessorImpl.invoke0(Native Method)
at sun.reflect.NativeMethodAccessorImpl.invoke(NativeMethodAccessorImpl.java:62)
at sun.reflect.DelegatingMethodAccessorImpl.invoke(DelegatingMethodAccessorImpl.java:43)
at java.lang.reflect.Method.invoke(Method.java:498)
at org.testng.internal.MethodInvocationHelper.invokeMethod(MethodInvocationHelper.java:132)
at org.testng.internal.MethodInvocationHelper.invokeMethodConsideringTimeout(MethodInvocationHelper.java:61)
at org.testng.internal.ConfigInvoker.invokeConfigurationMethod(ConfigInvoker.java:366)
at org.testng.internal.ConfigInvoker.invokeConfigurations(ConfigInvoker.java:320)
at org.testng.TestRunner.invokeTestConfigurations(TestRunner.java:617)
at org.testng.TestRunner.beforeRun(TestRunner.java:607)
at org.testng.TestRunner.run(TestRunner.java:578)
at org.testng.SuiteRunner.runTest(SuiteRunner.java:384)
at org.testng.SuiteRunner.runSequentially(SuiteRunner.java:378)
at org.testng.SuiteRunner.privateRun(SuiteRunner.java:337)
at org.testng.SuiteRunner.run(SuiteRunner.java:286)
at org.testng.SuiteRunnerWorker.runSuite(SuiteRunnerWorker.java:53)
at org.testng.SuiteRunnerWorker.run(SuiteRunnerWorker.java:96)
at org.testng.TestNG.runSuitesSequentially(TestNG.java:1218)
at org.testng.TestNG.runSuitesLocally(TestNG.java:1140)
at org.testng.TestNG.runSuites(TestNG.java:1069)
at org.testng.TestNG.run(TestNG.java:1037)
at org.apache.maven.surefire.testng.TestNGExecutor.run(TestNGExecutor.java:284)
at org.apache.maven.surefire.testng.TestNGXmlTestSuite.execute(TestNGXmlTestSuite.java:75)
at org.apache.maven.surefire.testng.TestNGProvider.invoke(TestNGProvider.java:119)
at org.apache.maven.surefire.booter.ForkedBooter.runSuitesInProcess(ForkedBooter.java:428)
at org.apache.maven.surefire.booter.ForkedBooter.execute(ForkedBooter.java:162)
at org.apache.maven.surefire.booter.ForkedBooter.run(ForkedBooter.java:562)
at org.apache.maven.surefire.booter.ForkedBooter.main(ForkedBooter.java:548)
]]>
            </full-stacktrace>
          </exception> <!-- org.openqa.selenium.SessionNotCreatedException -->
          <reporter-output>
          </reporter-output>
        </test-method> <!-- IniialiseDriver -->
        <test-method status="SKIP" signature="basNavigationBar()[pri:0, instance:framework.FrameworkBuild.ValidateTitle@1e66f1f5]" name="basNavigationBar" duration-ms="0" started-at="2020-12-08T23:18:40 IST" finished-at="2020-12-08T23:18:40 IST">
          <exception class="org.openqa.selenium.SessionNotCreatedException">
            <message>
              <![CDATA[session not created: This version of ChromeDriver only supports Chrome version 85
Build info: version: '3.141.59', revision: 'e82be7d358', time: '2018-11-14T08:17:03'
System info: host: 'DELLINSPIRON15', ip: '192.168.0.104', os.name: 'Windows 10', os.arch: 'amd64', os.version: '10.0', java.version: '1.8.0_261'
Driver info: driver.version: ChromeDriver
remote stacktrace: Backtrace:
Ordinal0 [0x003AD383+3134339]
Ordinal0 [0x0029A171+2007409]
Ordinal0 [0x0013AEE8+569064]
Ordinal0 [0x000C139F+70559]
Ordinal0 [0x000BCC63+52323]
Ordinal0 [0x000E0DFC+200188]
Ordinal0 [0x000E0C1D+199709]
Ordinal0 [0x000DEB0B+191243]
Ordinal0 [0x000C2E77+77431]
Ordinal0 [0x000C3E3E+81470]
Ordinal0 [0x000C3DC9+81353]
Ordinal0 [0x002B0CD9+2100441]
GetHandleVerifier [0x0051B75A+1396954]
GetHandleVerifier [0x0051B3D9+1396057]
GetHandleVerifier [0x00527126+1444518]
GetHandleVerifier [0x0051BCE8+1398376]
Ordinal0 [0x002A7F51+2064209]
Ordinal0 [0x002B22EB+2106091]
Ordinal0 [0x002B2411+2106385]
Ordinal0 [0x002C49C4+2181572]
BaseThreadInitThunk [0x77306359+25]
RtlGetAppContainerNamedObjectPath [0x77648944+228]
RtlGetAppContainerNamedObjectPath [0x77648914+180]
(No symbol) [0x00000000]
]]>
            </message>
            <full-stacktrace>
              <![CDATA[org.openqa.selenium.SessionNotCreatedException: session not created: This version of ChromeDriver only supports Chrome version 85
Build info: version: '3.141.59', revision: 'e82be7d358', time: '2018-11-14T08:17:03'
System info: host: 'DELLINSPIRON15', ip: '192.168.0.104', os.name: 'Windows 10', os.arch: 'amd64', os.version: '10.0', java.version: '1.8.0_261'
Driver info: driver.version: ChromeDriver
remote stacktrace: Backtrace:
Ordinal0 [0x003AD383+3134339]
Ordinal0 [0x0029A171+2007409]
Ordinal0 [0x0013AEE8+569064]
Ordinal0 [0x000C139F+70559]
Ordinal0 [0x000BCC63+52323]
Ordinal0 [0x000E0DFC+200188]
Ordinal0 [0x000E0C1D+199709]
Ordinal0 [0x000DEB0B+191243]
Ordinal0 [0x000C2E77+77431]
Ordinal0 [0x000C3E3E+81470]
Ordinal0 [0x000C3DC9+81353]
Ordinal0 [0x002B0CD9+2100441]
GetHandleVerifier [0x0051B75A+1396954]
GetHandleVerifier [0x0051B3D9+1396057]
GetHandleVerifier [0x00527126+1444518]
GetHandleVerifier [0x0051BCE8+1398376]
Ordinal0 [0x002A7F51+2064209]
Ordinal0 [0x002B22EB+2106091]
Ordinal0 [0x002B2411+2106385]
Ordinal0 [0x002C49C4+2181572]
BaseThreadInitThunk [0x77306359+25]
RtlGetAppContainerNamedObjectPath [0x77648944+228]
RtlGetAppContainerNamedObjectPath [0x77648914+180]
(No symbol) [0x00000000]

at sun.reflect.NativeConstructorAccessorImpl.newInstance0(Native Method)
at sun.reflect.NativeConstructorAccessorImpl.newInstance(NativeConstructorAccessorImpl.java:62)
at sun.reflect.DelegatingConstructorAccessorImpl.newInstance(DelegatingConstructorAccessorImpl.java:45)
at java.lang.reflect.Constructor.newInstance(Constructor.java:423)
at org.openqa.selenium.remote.W3CHandshakeResponse.lambda$errorHandler$0(W3CHandshakeResponse.java:62)
at org.openqa.selenium.remote.HandshakeResponse.lambda$getResponseFunction$0(HandshakeResponse.java:30)
at org.openqa.selenium.remote.ProtocolHandshake.lambda$createSession$0(ProtocolHandshake.java:126)
at java.util.stream.ReferencePipeline$3$1.accept(ReferencePipeline.java:193)
at java.util.Spliterators$ArraySpliterator.tryAdvance(Spliterators.java:958)
at java.util.stream.ReferencePipeline.forEachWithCancel(ReferencePipeline.java:126)
at java.util.stream.AbstractPipeline.copyIntoWithCancel(AbstractPipeline.java:499)
at java.util.stream.AbstractPipeline.copyInto(AbstractPipeline.java:486)
at java.util.stream.AbstractPipeline.wrapAndCopyInto(AbstractPipeline.java:472)
at java.util.stream.FindOps$FindOp.evaluateSequential(FindOps.java:152)
at java.util.stream.AbstractPipeline.evaluate(AbstractPipeline.java:234)
at java.util.stream.ReferencePipeline.findFirst(ReferencePipeline.java:464)
at org.openqa.selenium.remote.ProtocolHandshake.createSession(ProtocolHandshake.java:128)
at org.openqa.selenium.remote.ProtocolHandshake.createSession(ProtocolHandshake.java:74)
at org.openqa.selenium.remote.HttpCommandExecutor.execute(HttpCommandExecutor.java:136)
at org.openqa.selenium.remote.service.DriverCommandExecutor.execute(DriverCommandExecutor.java:83)
at org.openqa.selenium.remote.RemoteWebDriver.execute(RemoteWebDriver.java:552)
at org.openqa.selenium.remote.RemoteWebDriver.startSession(RemoteWebDriver.java:213)
at org.openqa.selenium.remote.RemoteWebDriver.<init>(RemoteWebDriver.java:131)
at org.openqa.selenium.chrome.ChromeDriver.<init>(ChromeDriver.java:181)
at org.openqa.selenium.chrome.ChromeDriver.<init>(ChromeDriver.java:168)
at org.openqa.selenium.chrome.ChromeDriver.<init>(ChromeDriver.java:123)
at resources.base.initializeDriver(base.java:38)
at framework.FrameworkBuild.ValidateTitle.IniialiseDriver(ValidateTitle.java:23)
at sun.reflect.NativeMethodAccessorImpl.invoke0(Native Method)
at sun.reflect.NativeMethodAccessorImpl.invoke(NativeMethodAccessorImpl.java:62)
at sun.reflect.DelegatingMethodAccessorImpl.invoke(DelegatingMethodAccessorImpl.java:43)
at java.lang.reflect.Method.invoke(Method.java:498)
at org.testng.internal.MethodInvocationHelper.invokeMethod(MethodInvocationHelper.java:132)
at org.testng.internal.MethodInvocationHelper.invokeMethodConsideringTimeout(MethodInvocationHelper.java:61)
at org.testng.internal.ConfigInvoker.invokeConfigurationMethod(ConfigInvoker.java:366)
at org.testng.internal.ConfigInvoker.invokeConfigurations(ConfigInvoker.java:320)
at org.testng.TestRunner.invokeTestConfigurations(TestRunner.java:617)
at org.testng.TestRunner.beforeRun(TestRunner.java:607)
at org.testng.TestRunner.run(TestRunner.java:578)
at org.testng.SuiteRunner.runTest(SuiteRunner.java:384)
at org.testng.SuiteRunner.runSequentially(SuiteRunner.java:378)
at org.testng.SuiteRunner.privateRun(SuiteRunner.java:337)
at org.testng.SuiteRunner.run(SuiteRunner.java:286)
at org.testng.SuiteRunnerWorker.runSuite(SuiteRunnerWorker.java:53)
at org.testng.SuiteRunnerWorker.run(SuiteRunnerWorker.java:96)
at org.testng.TestNG.runSuitesSequentially(TestNG.java:1218)
at org.testng.TestNG.runSuitesLocally(TestNG.java:1140)
at org.testng.TestNG.runSuites(TestNG.java:1069)
at org.testng.TestNG.run(TestNG.java:1037)
at org.apache.maven.surefire.testng.TestNGExecutor.run(TestNGExecutor.java:284)
at org.apache.maven.surefire.testng.TestNGXmlTestSuite.execute(TestNGXmlTestSuite.java:75)
at org.apache.maven.surefire.testng.TestNGProvider.invoke(TestNGProvider.java:119)
at org.apache.maven.surefire.booter.ForkedBooter.runSuitesInProcess(ForkedBooter.java:428)
at org.apache.maven.surefire.booter.ForkedBooter.execute(ForkedBooter.java:162)
at org.apache.maven.surefire.booter.ForkedBooter.run(ForkedBooter.java:562)
at org.apache.maven.surefire.booter.ForkedBooter.main(ForkedBooter.java:548)
]]>
            </full-stacktrace>
          </exception> <!-- org.openqa.selenium.SessionNotCreatedException -->
          <reporter-output>
          </reporter-output>
        </test-method> <!-- basNavigationBar -->
        <test-method status="SKIP" signature="TearDown()[pri:0, instance:framework.FrameworkBuild.ValidateTitle@1e66f1f5]" name="TearDown" is-config="true" duration-ms="-1607449720739" started-at="2020-12-08T23:18:40 IST" finished-at="1970-01-01T05:30:00 IST">
          <reporter-output>
          </reporter-output>
        </test-method> <!-- TearDown -->
      </class> <!-- framework.FrameworkBuild.ValidateTitle -->
    </test> <!-- Validating Navigation Bar -->
  </suite> <!-- Suite -->
</testng-results>
