<?xml version="1.0" encoding="UTF-8"?>
<testsuite xmlns:xsi="http://www.w3.org/2001/XMLSchema-instance" xsi:noNamespaceSchemaLocation="https://maven.apache.org/surefire/maven-surefire-plugin/xsd/surefire-test-report-3.0.xsd" version="3.0" name="TestSuite" time="14.485" tests="7" errors="0" skipped="5" failures="2">
  <properties>
    <property name="sun.desktop" value="windows"/>
    <property name="awt.toolkit" value="sun.awt.windows.WToolkit"/>
    <property name="file.encoding.pkg" value="sun.io"/>
    <property name="java.specification.version" value="1.8"/>
    <property name="webdriver.chrome.driver" value="D:\javaprogram\Chrome-WebDriver\Chrome85\chromedriver.exe"/>
    <property name="sun.cpu.isalist" value="amd64"/>
    <property name="sun.jnu.encoding" value="Cp1252"/>
    <property name="java.class.path" value="C:\Users\DELL Inspiron 5570\.m2\repository\org\apache\maven\surefire\surefire-booter\3.0.0-M5\surefire-booter-3.0.0-M5.jar;C:\Users\DELL Inspiron 5570\.m2\repository\org\apache\maven\surefire\surefire-api\3.0.0-M5\surefire-api-3.0.0-M5.jar;C:\Users\DELL Inspiron 5570\.m2\repository\org\apache\maven\surefire\surefire-logger-api\3.0.0-M5\surefire-logger-api-3.0.0-M5.jar;C:\Users\DELL Inspiron 5570\.m2\repository\org\apache\maven\surefire\surefire-shared-utils\3.0.0-M4\surefire-shared-utils-3.0.0-M4.jar;C:\Users\DELL Inspiron 5570\.m2\repository\org\apache\maven\surefire\surefire-extensions-spi\3.0.0-M5\surefire-extensions-spi-3.0.0-M5.jar;D:\javaprogram\FrameworkBuild\target\test-classes;D:\javaprogram\FrameworkBuild\target\classes;C:\Users\DELL Inspiron 5570\.m2\repository\com\aventstack\extentreports\3.0.6\extentreports-3.0.6.jar;C:\Users\DELL Inspiron 5570\.m2\repository\org\freemarker\freemarker\2.3.23\freemarker-2.3.23.jar;C:\Users\DELL Inspiron 5570\.m2\repository\org\mongodb\mongodb-driver\3.3.0\mongodb-driver-3.3.0.jar;C:\Users\DELL Inspiron 5570\.m2\repository\org\mongodb\bson\3.3.0\bson-3.3.0.jar;C:\Users\DELL Inspiron 5570\.m2\repository\org\mongodb\mongodb-driver-core\3.3.0\mongodb-driver-core-3.3.0.jar;C:\Users\DELL Inspiron 5570\.m2\repository\org\apache\httpcomponents\httpclient\4.5.2\httpclient-4.5.2.jar;C:\Users\DELL Inspiron 5570\.m2\repository\org\apache\httpcomponents\httpcore\4.4.4\httpcore-4.4.4.jar;C:\Users\DELL Inspiron 5570\.m2\repository\commons-logging\commons-logging\1.2\commons-logging-1.2.jar;C:\Users\DELL Inspiron 5570\.m2\repository\commons-codec\commons-codec\1.9\commons-codec-1.9.jar;C:\Users\DELL Inspiron 5570\.m2\repository\org\apache\httpcomponents\httpmime\4.5.2\httpmime-4.5.2.jar;C:\Users\DELL Inspiron 5570\.m2\repository\org\jsoup\jsoup\1.9.2\jsoup-1.9.2.jar;C:\Users\DELL Inspiron 5570\.m2\repository\com\relevantcodes\extentreports\2.41.2\extentreports-2.41.2.jar;C:\Users\DELL Inspiron 5570\.m2\repository\org\xerial\sqlite-jdbc\3.8.11.1\sqlite-jdbc-3.8.11.1.jar;C:\Users\DELL Inspiron 5570\.m2\repository\org\apache\logging\log4j\log4j-api\2.13.3\log4j-api-2.13.3.jar;C:\Users\DELL Inspiron 5570\.m2\repository\org\apache\logging\log4j\log4j-core\2.13.3\log4j-core-2.13.3.jar;C:\Users\DELL Inspiron 5570\.m2\repository\org\seleniumhq\selenium\selenium-java\3.141.59\selenium-java-3.141.59.jar;C:\Users\DELL Inspiron 5570\.m2\repository\org\seleniumhq\selenium\selenium-api\3.141.59\selenium-api-3.141.59.jar;C:\Users\DELL Inspiron 5570\.m2\repository\org\seleniumhq\selenium\selenium-chrome-driver\3.141.59\selenium-chrome-driver-3.141.59.jar;C:\Users\DELL Inspiron 5570\.m2\repository\org\seleniumhq\selenium\selenium-edge-driver\3.141.59\selenium-edge-driver-3.141.59.jar;C:\Users\DELL Inspiron 5570\.m2\repository\org\seleniumhq\selenium\selenium-firefox-driver\3.141.59\selenium-firefox-driver-3.141.59.jar;C:\Users\DELL Inspiron 5570\.m2\repository\org\seleniumhq\selenium\selenium-ie-driver\3.141.59\selenium-ie-driver-3.141.59.jar;C:\Users\DELL Inspiron 5570\.m2\repository\org\seleniumhq\selenium\selenium-opera-driver\3.141.59\selenium-opera-driver-3.141.59.jar;C:\Users\DELL Inspiron 5570\.m2\repository\org\seleniumhq\selenium\selenium-remote-driver\3.141.59\selenium-remote-driver-3.141.59.jar;C:\Users\DELL Inspiron 5570\.m2\repository\org\seleniumhq\selenium\selenium-safari-driver\3.141.59\selenium-safari-driver-3.141.59.jar;C:\Users\DELL Inspiron 5570\.m2\repository\org\seleniumhq\selenium\selenium-support\3.141.59\selenium-support-3.141.59.jar;C:\Users\DELL Inspiron 5570\.m2\repository\net\bytebuddy\byte-buddy\1.8.15\byte-buddy-1.8.15.jar;C:\Users\DELL Inspiron 5570\.m2\repository\org\apache\commons\commons-exec\1.3\commons-exec-1.3.jar;C:\Users\DELL Inspiron 5570\.m2\repository\com\google\guava\guava\25.0-jre\guava-25.0-jre.jar;C:\Users\DELL Inspiron 5570\.m2\repository\com\google\code\findbugs\jsr305\1.3.9\jsr305-1.3.9.jar;C:\Users\DELL Inspiron 5570\.m2\repository\org\checkerframework\checker-compat-qual\2.0.0\checker-compat-qual-2.0.0.jar;C:\Users\DELL Inspiron 5570\.m2\repository\com\google\errorprone\error_prone_annotations\2.1.3\error_prone_annotations-2.1.3.jar;C:\Users\DELL Inspiron 5570\.m2\repository\com\google\j2objc\j2objc-annotations\1.1\j2objc-annotations-1.1.jar;C:\Users\DELL Inspiron 5570\.m2\repository\org\codehaus\mojo\animal-sniffer-annotations\1.14\animal-sniffer-annotations-1.14.jar;C:\Users\DELL Inspiron 5570\.m2\repository\com\squareup\okhttp3\okhttp\3.11.0\okhttp-3.11.0.jar;C:\Users\DELL Inspiron 5570\.m2\repository\com\squareup\okio\okio\1.14.0\okio-1.14.0.jar;C:\Users\DELL Inspiron 5570\.m2\repository\org\testng\testng\7.3.0\testng-7.3.0.jar;C:\Users\DELL Inspiron 5570\.m2\repository\com\beust\jcommander\1.78\jcommander-1.78.jar;C:\Users\DELL Inspiron 5570\.m2\repository\org\apache\ant\ant\1.10.3\ant-1.10.3.jar;C:\Users\DELL Inspiron 5570\.m2\repository\org\apache\ant\ant-launcher\1.10.3\ant-launcher-1.10.3.jar;C:\Users\DELL Inspiron 5570\.m2\repository\com\google\inject\guice\4.2.2\guice-4.2.2-no_aop.jar;C:\Users\DELL Inspiron 5570\.m2\repository\javax\inject\javax.inject\1\javax.inject-1.jar;C:\Users\DELL Inspiron 5570\.m2\repository\aopalliance\aopalliance\1.0\aopalliance-1.0.jar;C:\Users\DELL Inspiron 5570\.m2\repository\org\yaml\snakeyaml\1.21\snakeyaml-1.21.jar;C:\Users\DELL Inspiron 5570\.m2\repository\junit\junit\3.8.1\junit-3.8.1.jar;C:\Users\DELL Inspiron 5570\.m2\repository\org\apache\maven\surefire\surefire-testng\3.0.0-M5\surefire-testng-3.0.0-M5.jar;C:\Users\DELL Inspiron 5570\.m2\repository\org\apache\maven\surefire\common-java5\3.0.0-M5\common-java5-3.0.0-M5.jar;C:\Users\DELL Inspiron 5570\.m2\repository\org\apache\maven\surefire\surefire-testng-utils\3.0.0-M5\surefire-testng-utils-3.0.0-M5.jar;C:\Users\DELL Inspiron 5570\.m2\repository\org\apache\maven\surefire\surefire-grouper\3.0.0-M5\surefire-grouper-3.0.0-M5.jar"/>
    <property name="java.vm.vendor" value="Oracle Corporation"/>
    <property name="sun.arch.data.model" value="64"/>
    <property name="user.variant" value=""/>
    <property name="java.vendor.url" value="http://java.oracle.com/"/>
    <property name="user.timezone" value="Asia/Calcutta"/>
    <property name="java.vm.specification.version" value="1.8"/>
    <property name="os.name" value="Windows 10"/>
    <property name="user.country" value="US"/>
    <property name="sun.java.launcher" value="SUN_STANDARD"/>
    <property name="sun.boot.library.path" value="C:\Program Files\Java\jdk1.8.0_261\jre\bin"/>
    <property name="sun.java.command" value="org.apache.maven.surefire.booter.ForkedBooter C:\Users\DELL Inspiron 5570\AppData\Local\Temp\surefire7408703430724339372 2020-12-08T23-18-27_464-jvmRun1 surefire7541243975303020939tmp surefire_09048982489323384594tmp"/>
    <property name="surefire.test.class.path" value="D:\javaprogram\FrameworkBuild\target\test-classes;D:\javaprogram\FrameworkBuild\target\classes;C:\Users\DELL Inspiron 5570\.m2\repository\com\aventstack\extentreports\3.0.6\extentreports-3.0.6.jar;C:\Users\DELL Inspiron 5570\.m2\repository\org\freemarker\freemarker\2.3.23\freemarker-2.3.23.jar;C:\Users\DELL Inspiron 5570\.m2\repository\org\mongodb\mongodb-driver\3.3.0\mongodb-driver-3.3.0.jar;C:\Users\DELL Inspiron 5570\.m2\repository\org\mongodb\bson\3.3.0\bson-3.3.0.jar;C:\Users\DELL Inspiron 5570\.m2\repository\org\mongodb\mongodb-driver-core\3.3.0\mongodb-driver-core-3.3.0.jar;C:\Users\DELL Inspiron 5570\.m2\repository\org\apache\httpcomponents\httpclient\4.5.2\httpclient-4.5.2.jar;C:\Users\DELL Inspiron 5570\.m2\repository\org\apache\httpcomponents\httpcore\4.4.4\httpcore-4.4.4.jar;C:\Users\DELL Inspiron 5570\.m2\repository\commons-logging\commons-logging\1.2\commons-logging-1.2.jar;C:\Users\DELL Inspiron 5570\.m2\repository\commons-codec\commons-codec\1.9\commons-codec-1.9.jar;C:\Users\DELL Inspiron 5570\.m2\repository\org\apache\httpcomponents\httpmime\4.5.2\httpmime-4.5.2.jar;C:\Users\DELL Inspiron 5570\.m2\repository\org\jsoup\jsoup\1.9.2\jsoup-1.9.2.jar;C:\Users\DELL Inspiron 5570\.m2\repository\com\relevantcodes\extentreports\2.41.2\extentreports-2.41.2.jar;C:\Users\DELL Inspiron 5570\.m2\repository\org\xerial\sqlite-jdbc\3.8.11.1\sqlite-jdbc-3.8.11.1.jar;C:\Users\DELL Inspiron 5570\.m2\repository\org\apache\logging\log4j\log4j-api\2.13.3\log4j-api-2.13.3.jar;C:\Users\DELL Inspiron 5570\.m2\repository\org\apache\logging\log4j\log4j-core\2.13.3\log4j-core-2.13.3.jar;C:\Users\DELL Inspiron 5570\.m2\repository\org\seleniumhq\selenium\selenium-java\3.141.59\selenium-java-3.141.59.jar;C:\Users\DELL Inspiron 5570\.m2\repository\org\seleniumhq\selenium\selenium-api\3.141.59\selenium-api-3.141.59.jar;C:\Users\DELL Inspiron 5570\.m2\repository\org\seleniumhq\selenium\selenium-chrome-driver\3.141.59\selenium-chrome-driver-3.141.59.jar;C:\Users\DELL Inspiron 5570\.m2\repository\org\seleniumhq\selenium\selenium-edge-driver\3.141.59\selenium-edge-driver-3.141.59.jar;C:\Users\DELL Inspiron 5570\.m2\repository\org\seleniumhq\selenium\selenium-firefox-driver\3.141.59\selenium-firefox-driver-3.141.59.jar;C:\Users\DELL Inspiron 5570\.m2\repository\org\seleniumhq\selenium\selenium-ie-driver\3.141.59\selenium-ie-driver-3.141.59.jar;C:\Users\DELL Inspiron 5570\.m2\repository\org\seleniumhq\selenium\selenium-opera-driver\3.141.59\selenium-opera-driver-3.141.59.jar;C:\Users\DELL Inspiron 5570\.m2\repository\org\seleniumhq\selenium\selenium-remote-driver\3.141.59\selenium-remote-driver-3.141.59.jar;C:\Users\DELL Inspiron 5570\.m2\repository\org\seleniumhq\selenium\selenium-safari-driver\3.141.59\selenium-safari-driver-3.141.59.jar;C:\Users\DELL Inspiron 5570\.m2\repository\org\seleniumhq\selenium\selenium-support\3.141.59\selenium-support-3.141.59.jar;C:\Users\DELL Inspiron 5570\.m2\repository\net\bytebuddy\byte-buddy\1.8.15\byte-buddy-1.8.15.jar;C:\Users\DELL Inspiron 5570\.m2\repository\org\apache\commons\commons-exec\1.3\commons-exec-1.3.jar;C:\Users\DELL Inspiron 5570\.m2\repository\com\google\guava\guava\25.0-jre\guava-25.0-jre.jar;C:\Users\DELL Inspiron 5570\.m2\repository\com\google\code\findbugs\jsr305\1.3.9\jsr305-1.3.9.jar;C:\Users\DELL Inspiron 5570\.m2\repository\org\checkerframework\checker-compat-qual\2.0.0\checker-compat-qual-2.0.0.jar;C:\Users\DELL Inspiron 5570\.m2\repository\com\google\errorprone\error_prone_annotations\2.1.3\error_prone_annotations-2.1.3.jar;C:\Users\DELL Inspiron 5570\.m2\repository\com\google\j2objc\j2objc-annotations\1.1\j2objc-annotations-1.1.jar;C:\Users\DELL Inspiron 5570\.m2\repository\org\codehaus\mojo\animal-sniffer-annotations\1.14\animal-sniffer-annotations-1.14.jar;C:\Users\DELL Inspiron 5570\.m2\repository\com\squareup\okhttp3\okhttp\3.11.0\okhttp-3.11.0.jar;C:\Users\DELL Inspiron 5570\.m2\repository\com\squareup\okio\okio\1.14.0\okio-1.14.0.jar;C:\Users\DELL Inspiron 5570\.m2\repository\org\testng\testng\7.3.0\testng-7.3.0.jar;C:\Users\DELL Inspiron 5570\.m2\repository\com\beust\jcommander\1.78\jcommander-1.78.jar;C:\Users\DELL Inspiron 5570\.m2\repository\org\apache\ant\ant\1.10.3\ant-1.10.3.jar;C:\Users\DELL Inspiron 5570\.m2\repository\org\apache\ant\ant-launcher\1.10.3\ant-launcher-1.10.3.jar;C:\Users\DELL Inspiron 5570\.m2\repository\com\google\inject\guice\4.2.2\guice-4.2.2-no_aop.jar;C:\Users\DELL Inspiron 5570\.m2\repository\javax\inject\javax.inject\1\javax.inject-1.jar;C:\Users\DELL Inspiron 5570\.m2\repository\aopalliance\aopalliance\1.0\aopalliance-1.0.jar;C:\Users\DELL Inspiron 5570\.m2\repository\org\yaml\snakeyaml\1.21\snakeyaml-1.21.jar;C:\Users\DELL Inspiron 5570\.m2\repository\junit\junit\3.8.1\junit-3.8.1.jar;"/>
    <property name="sun.cpu.endian" value="little"/>
    <property name="user.home" value="C:\Users\DELL Inspiron 5570"/>
    <property name="user.language" value="en"/>
    <property name="java.specification.vendor" value="Oracle Corporation"/>
    <property name="java.home" value="C:\Program Files\Java\jdk1.8.0_261\jre"/>
    <property name="basedir" value="D:\javaprogram\FrameworkBuild"/>
    <property name="file.separator" value="\"/>
    <property name="line.separator" value="&#10;"/>
    <property name="java.vm.specification.vendor" value="Oracle Corporation"/>
    <property name="java.specification.name" value="Java Platform API Specification"/>
    <property name="java.awt.graphicsenv" value="sun.awt.Win32GraphicsEnvironment"/>
    <property name="sun.boot.class.path" value="C:\Program Files\Java\jdk1.8.0_261\jre\lib\resources.jar;C:\Program Files\Java\jdk1.8.0_261\jre\lib\rt.jar;C:\Program Files\Java\jdk1.8.0_261\jre\lib\sunrsasign.jar;C:\Program Files\Java\jdk1.8.0_261\jre\lib\jsse.jar;C:\Program Files\Java\jdk1.8.0_261\jre\lib\jce.jar;C:\Program Files\Java\jdk1.8.0_261\jre\lib\charsets.jar;C:\Program Files\Java\jdk1.8.0_261\jre\lib\jfr.jar;C:\Program Files\Java\jdk1.8.0_261\jre\classes"/>
    <property name="user.script" value=""/>
    <property name="sun.management.compiler" value="HotSpot 64-Bit Tiered Compilers"/>
    <property name="java.runtime.version" value="1.8.0_261-b12"/>
    <property name="user.name" value="DELL Inspiron 5570"/>
    <property name="path.separator" value=";"/>
    <property name="os.version" value="10.0"/>
    <property name="java.endorsed.dirs" value="C:\Program Files\Java\jdk1.8.0_261\jre\lib\endorsed"/>
    <property name="java.runtime.name" value="Java(TM) SE Runtime Environment"/>
    <property name="file.encoding" value="Cp1252"/>
    <property name="java.vm.name" value="Java HotSpot(TM) 64-Bit Server VM"/>
    <property name="localRepository" value="C:\Users\DELL Inspiron 5570\.m2\repository"/>
    <property name="java.vendor.url.bug" value="http://bugreport.sun.com/bugreport/"/>
    <property name="java.io.tmpdir" value="C:\Users\DELLIN~1\AppData\Local\Temp\"/>
    <property name="java.version" value="1.8.0_261"/>
    <property name="user.dir" value="D:\javaprogram\FrameworkBuild"/>
    <property name="os.arch" value="amd64"/>
    <property name="java.vm.specification.name" value="Java Virtual Machine Specification"/>
    <property name="java.awt.printerjob" value="sun.awt.windows.WPrinterJob"/>
    <property name="sun.os.patch.level" value=""/>
    <property name="java.library.path" value="C:\Program Files\Java\jdk1.8.0_261\jre\bin;C:\WINDOWS\Sun\Java\bin;C:\WINDOWS\system32;C:\WINDOWS;C:\Program Files (x86)\Common Files\Oracle\Java\javapath;E:\\bin;C:\WINDOWS\system32;C:\WINDOWS;C:\WINDOWS\System32\Wbem;C:\WINDOWS\System32\WindowsPowerShell\v1.0\;C:\WINDOWS\system32\config\systemprofile\.dnx\bin;C:\Program Files\Microsoft DNX\Dnvm\;C:\Program Files\Microsoft SQL Server\130\Tools\Binn\;C:\WINDOWS\System32\OpenSSH\;C:\Program Files (x86)\Microsoft SQL Server\100\Tools\Binn\;C:\Program Files\Microsoft SQL Server\100\Tools\Binn\;C:\Program Files\Microsoft SQL Server\100\DTS\Binn\;C:\Program Files (x86)\Microsoft SQL Server\100\Tools\Binn\VSShell\Common7\IDE\;C:\Program Files (x86)\Microsoft SQL Server\100\DTS\Binn\;D:\udemey\Maven\apache-maven-3.6.3\bin;C:\Program Files\Java\jdk1.8.0_261\bin;C:\Program Files\Git\cmd;C:\Program Files\MySQL\MySQL Shell 8.0\bin\;C:\Users\DELL Inspiron 5570\AppData\Local\Microsoft\WindowsApps;C:\Program Files\Java\jdk1.8.0_261\bin;;."/>
    <property name="java.vm.info" value="mixed mode"/>
    <property name="java.vendor" value="Oracle Corporation"/>
    <property name="java.vm.version" value="25.261-b12"/>
    <property name="java.ext.dirs" value="C:\Program Files\Java\jdk1.8.0_261\jre\lib\ext;C:\WINDOWS\Sun\Java\lib\ext"/>
    <property name="sun.io.unicode.encoding" value="UnicodeLittle"/>
    <property name="java.class.version" value="52.0"/>
  </properties>
  <testcase name="IniialiseDriver" classname="framework.FrameworkBuild.HomePage" time="7.838">
    <failure message="unknown error: Chrome failed to start: exited normally.&#10;  (unknown error: DevToolsActivePort file doesn&apos;t exist)&#10;  (The process started from chrome location C:\Users\DELL Inspiron 5570\AppData\Local\Google\Chrome\Application\chrome.exe is no longer running, so ChromeDriver is assuming that Chrome has crashed.)&#10;Build info: version: &apos;3.141.59&apos;, revision: &apos;e82be7d358&apos;, time: &apos;2018-11-14T08:17:03&apos;&#10;System info: host: &apos;DELLINSPIRON15&apos;, ip: &apos;192.168.0.104&apos;, os.name: &apos;Windows 10&apos;, os.arch: &apos;amd64&apos;, os.version: &apos;10.0&apos;, java.version: &apos;1.8.0_261&apos;&#10;Driver info: driver.version: ChromeDriver&#10;remote stacktrace: Backtrace:&#10;	Ordinal0 [0x003AD383+3134339]&#10;	Ordinal0 [0x0029A171+2007409]&#10;	Ordinal0 [0x0013AEE8+569064]&#10;	Ordinal0 [0x000BD721+55073]&#10;	Ordinal0 [0x000E0DFC+200188]&#10;	Ordinal0 [0x000E0C1D+199709]&#10;	Ordinal0 [0x000DEB0B+191243]&#10;	Ordinal0 [0x000C2E77+77431]&#10;	Ordinal0 [0x000C3E3E+81470]&#10;	Ordinal0 [0x000C3DC9+81353]&#10;	Ordinal0 [0x002B0CD9+2100441]&#10;	GetHandleVerifier [0x0051B75A+1396954]&#10;	GetHandleVerifier [0x0051B3D9+1396057]&#10;	GetHandleVerifier [0x00527126+1444518]&#10;	GetHandleVerifier [0x0051BCE8+1398376]&#10;	Ordinal0 [0x002A7F51+2064209]&#10;	Ordinal0 [0x002B22EB+2106091]&#10;	Ordinal0 [0x002B2411+2106385]&#10;	Ordinal0 [0x002C49C4+2181572]&#10;	BaseThreadInitThunk [0x77306359+25]&#10;	RtlGetAppContainerNamedObjectPath [0x77648944+228]&#10;	RtlGetAppContainerNamedObjectPath [0x77648914+180]&#10;	(No symbol) [0x00000000]&#10;" type="org.openqa.selenium.WebDriverException"><![CDATA[org.openqa.selenium.WebDriverException: 
unknown error: Chrome failed to start: exited normally.
  (unknown error: DevToolsActivePort file doesn't exist)
  (The process started from chrome location C:\Users\DELL Inspiron 5570\AppData\Local\Google\Chrome\Application\chrome.exe is no longer running, so ChromeDriver is assuming that Chrome has crashed.)
Build info: version: '3.141.59', revision: 'e82be7d358', time: '2018-11-14T08:17:03'
System info: host: 'DELLINSPIRON15', ip: '192.168.0.104', os.name: 'Windows 10', os.arch: 'amd64', os.version: '10.0', java.version: '1.8.0_261'
Driver info: driver.version: ChromeDriver
remote stacktrace: Backtrace:
	Ordinal0 [0x003AD383+3134339]
	Ordinal0 [0x0029A171+2007409]
	Ordinal0 [0x0013AEE8+569064]
	Ordinal0 [0x000BD721+55073]
	Ordinal0 [0x000E0DFC+200188]
	Ordinal0 [0x000E0C1D+199709]
	Ordinal0 [0x000DEB0B+191243]
	Ordinal0 [0x000C2E77+77431]
	Ordinal0 [0x000C3E3E+81470]
	Ordinal0 [0x000C3DC9+81353]
	Ordinal0 [0x002B0CD9+2100441]
	GetHandleVerifier [0x0051B75A+1396954]
	GetHandleVerifier [0x0051B3D9+1396057]
	GetHandleVerifier [0x00527126+1444518]
	GetHandleVerifier [0x0051BCE8+1398376]
	Ordinal0 [0x002A7F51+2064209]
	Ordinal0 [0x002B22EB+2106091]
	Ordinal0 [0x002B2411+2106385]
	Ordinal0 [0x002C49C4+2181572]
	BaseThreadInitThunk [0x77306359+25]
	RtlGetAppContainerNamedObjectPath [0x77648944+228]
	RtlGetAppContainerNamedObjectPath [0x77648914+180]
	(No symbol) [0x00000000]

	at framework.FrameworkBuild.HomePage.IniialiseDriver(HomePage.java:24)
]]></failure>
    <system-out><![CDATA[chrome
]]></system-out>
    <system-err><![CDATA[Starting ChromeDriver 85.0.4183.87 (cd6713ebf92fa1cacc0f1a598df280093af0c5d7-refs/branch-heads/4183@{#1689}) on port 41835
Only local connections are allowed.
Please see https://chromedriver.chromium.org/security-considerations for suggestions on keeping ChromeDriver safe.
ChromeDriver was started successfully.
]]></system-err>
  </testcase>
  <testcase name="BaseIntialization[mohadk1995, 1234](1)" classname="framework.FrameworkBuild.HomePage" time="0">
    <skipped message="unknown error: Chrome failed to start: exited normally.&#10;  (unknown error: DevToolsActivePort file doesn&apos;t exist)&#10;  (The process started from chrome location C:\Users\DELL Inspiron 5570\AppData\Local\Google\Chrome\Application\chrome.exe is no longer running, so ChromeDriver is assuming that Chrome has crashed.)&#10;Build info: version: &apos;3.141.59&apos;, revision: &apos;e82be7d358&apos;, time: &apos;2018-11-14T08:17:03&apos;&#10;System info: host: &apos;DELLINSPIRON15&apos;, ip: &apos;192.168.0.104&apos;, os.name: &apos;Windows 10&apos;, os.arch: &apos;amd64&apos;, os.version: &apos;10.0&apos;, java.version: &apos;1.8.0_261&apos;&#10;Driver info: driver.version: ChromeDriver&#10;remote stacktrace: Backtrace:&#10;	Ordinal0 [0x003AD383+3134339]&#10;	Ordinal0 [0x0029A171+2007409]&#10;	Ordinal0 [0x0013AEE8+569064]&#10;	Ordinal0 [0x000BD721+55073]&#10;	Ordinal0 [0x000E0DFC+200188]&#10;	Ordinal0 [0x000E0C1D+199709]&#10;	Ordinal0 [0x000DEB0B+191243]&#10;	Ordinal0 [0x000C2E77+77431]&#10;	Ordinal0 [0x000C3E3E+81470]&#10;	Ordinal0 [0x000C3DC9+81353]&#10;	Ordinal0 [0x002B0CD9+2100441]&#10;	GetHandleVerifier [0x0051B75A+1396954]&#10;	GetHandleVerifier [0x0051B3D9+1396057]&#10;	GetHandleVerifier [0x00527126+1444518]&#10;	GetHandleVerifier [0x0051BCE8+1398376]&#10;	Ordinal0 [0x002A7F51+2064209]&#10;	Ordinal0 [0x002B22EB+2106091]&#10;	Ordinal0 [0x002B2411+2106385]&#10;	Ordinal0 [0x002C49C4+2181572]&#10;	BaseThreadInitThunk [0x77306359+25]&#10;	RtlGetAppContainerNamedObjectPath [0x77648944+228]&#10;	RtlGetAppContainerNamedObjectPath [0x77648914+180]&#10;	(No symbol) [0x00000000]&#10;"/>
  </testcase>
  <testcase name="BaseIntialization[tasnim, 147](2)" classname="framework.FrameworkBuild.HomePage" time="0">
    <skipped message="unknown error: Chrome failed to start: exited normally.&#10;  (unknown error: DevToolsActivePort file doesn&apos;t exist)&#10;  (The process started from chrome location C:\Users\DELL Inspiron 5570\AppData\Local\Google\Chrome\Application\chrome.exe is no longer running, so ChromeDriver is assuming that Chrome has crashed.)&#10;Build info: version: &apos;3.141.59&apos;, revision: &apos;e82be7d358&apos;, time: &apos;2018-11-14T08:17:03&apos;&#10;System info: host: &apos;DELLINSPIRON15&apos;, ip: &apos;192.168.0.104&apos;, os.name: &apos;Windows 10&apos;, os.arch: &apos;amd64&apos;, os.version: &apos;10.0&apos;, java.version: &apos;1.8.0_261&apos;&#10;Driver info: driver.version: ChromeDriver&#10;remote stacktrace: Backtrace:&#10;	Ordinal0 [0x003AD383+3134339]&#10;	Ordinal0 [0x0029A171+2007409]&#10;	Ordinal0 [0x0013AEE8+569064]&#10;	Ordinal0 [0x000BD721+55073]&#10;	Ordinal0 [0x000E0DFC+200188]&#10;	Ordinal0 [0x000E0C1D+199709]&#10;	Ordinal0 [0x000DEB0B+191243]&#10;	Ordinal0 [0x000C2E77+77431]&#10;	Ordinal0 [0x000C3E3E+81470]&#10;	Ordinal0 [0x000C3DC9+81353]&#10;	Ordinal0 [0x002B0CD9+2100441]&#10;	GetHandleVerifier [0x0051B75A+1396954]&#10;	GetHandleVerifier [0x0051B3D9+1396057]&#10;	GetHandleVerifier [0x00527126+1444518]&#10;	GetHandleVerifier [0x0051BCE8+1398376]&#10;	Ordinal0 [0x002A7F51+2064209]&#10;	Ordinal0 [0x002B22EB+2106091]&#10;	Ordinal0 [0x002B2411+2106385]&#10;	Ordinal0 [0x002C49C4+2181572]&#10;	BaseThreadInitThunk [0x77306359+25]&#10;	RtlGetAppContainerNamedObjectPath [0x77648944+228]&#10;	RtlGetAppContainerNamedObjectPath [0x77648914+180]&#10;	(No symbol) [0x00000000]&#10;"/>
  </testcase>
  <testcase name="TearDown" classname="framework.FrameworkBuild.HomePage" time="0">
    <skipped/>
  </testcase>
  <testcase name="IniialiseDriver" classname="framework.FrameworkBuild.ValidateTitle" time="4.098">
    <failure message="session not created: This version of ChromeDriver only supports Chrome version 85&#10;Build info: version: &apos;3.141.59&apos;, revision: &apos;e82be7d358&apos;, time: &apos;2018-11-14T08:17:03&apos;&#10;System info: host: &apos;DELLINSPIRON15&apos;, ip: &apos;192.168.0.104&apos;, os.name: &apos;Windows 10&apos;, os.arch: &apos;amd64&apos;, os.version: &apos;10.0&apos;, java.version: &apos;1.8.0_261&apos;&#10;Driver info: driver.version: ChromeDriver&#10;remote stacktrace: Backtrace:&#10;	Ordinal0 [0x003AD383+3134339]&#10;	Ordinal0 [0x0029A171+2007409]&#10;	Ordinal0 [0x0013AEE8+569064]&#10;	Ordinal0 [0x000C139F+70559]&#10;	Ordinal0 [0x000BCC63+52323]&#10;	Ordinal0 [0x000E0DFC+200188]&#10;	Ordinal0 [0x000E0C1D+199709]&#10;	Ordinal0 [0x000DEB0B+191243]&#10;	Ordinal0 [0x000C2E77+77431]&#10;	Ordinal0 [0x000C3E3E+81470]&#10;	Ordinal0 [0x000C3DC9+81353]&#10;	Ordinal0 [0x002B0CD9+2100441]&#10;	GetHandleVerifier [0x0051B75A+1396954]&#10;	GetHandleVerifier [0x0051B3D9+1396057]&#10;	GetHandleVerifier [0x00527126+1444518]&#10;	GetHandleVerifier [0x0051BCE8+1398376]&#10;	Ordinal0 [0x002A7F51+2064209]&#10;	Ordinal0 [0x002B22EB+2106091]&#10;	Ordinal0 [0x002B2411+2106385]&#10;	Ordinal0 [0x002C49C4+2181572]&#10;	BaseThreadInitThunk [0x77306359+25]&#10;	RtlGetAppContainerNamedObjectPath [0x77648944+228]&#10;	RtlGetAppContainerNamedObjectPath [0x77648914+180]&#10;	(No symbol) [0x00000000]&#10;" type="org.openqa.selenium.SessionNotCreatedException"><![CDATA[org.openqa.selenium.SessionNotCreatedException: 
session not created: This version of ChromeDriver only supports Chrome version 85
Build info: version: '3.141.59', revision: 'e82be7d358', time: '2018-11-14T08:17:03'
System info: host: 'DELLINSPIRON15', ip: '192.168.0.104', os.name: 'Windows 10', os.arch: 'amd64', os.version: '10.0', java.version: '1.8.0_261'
Driver info: driver.version: ChromeDriver
remote stacktrace: Backtrace:
	Ordinal0 [0x003AD383+3134339]
	Ordinal0 [0x0029A171+2007409]
	Ordinal0 [0x0013AEE8+569064]
	Ordinal0 [0x000C139F+70559]
	Ordinal0 [0x000BCC63+52323]
	Ordinal0 [0x000E0DFC+200188]
	Ordinal0 [0x000E0C1D+199709]
	Ordinal0 [0x000DEB0B+191243]
	Ordinal0 [0x000C2E77+77431]
	Ordinal0 [0x000C3E3E+81470]
	Ordinal0 [0x000C3DC9+81353]
	Ordinal0 [0x002B0CD9+2100441]
	GetHandleVerifier [0x0051B75A+1396954]
	GetHandleVerifier [0x0051B3D9+1396057]
	GetHandleVerifier [0x00527126+1444518]
	GetHandleVerifier [0x0051BCE8+1398376]
	Ordinal0 [0x002A7F51+2064209]
	Ordinal0 [0x002B22EB+2106091]
	Ordinal0 [0x002B2411+2106385]
	Ordinal0 [0x002C49C4+2181572]
	BaseThreadInitThunk [0x77306359+25]
	RtlGetAppContainerNamedObjectPath [0x77648944+228]
	RtlGetAppContainerNamedObjectPath [0x77648914+180]
	(No symbol) [0x00000000]

	at framework.FrameworkBuild.ValidateTitle.IniialiseDriver(ValidateTitle.java:23)
]]></failure>
    <system-out><![CDATA[chrome
]]></system-out>
    <system-err><![CDATA[Starting ChromeDriver 85.0.4183.87 (cd6713ebf92fa1cacc0f1a598df280093af0c5d7-refs/branch-heads/4183@{#1689}) on port 46491
Only local connections are allowed.
Please see https://chromedriver.chromium.org/security-considerations for suggestions on keeping ChromeDriver safe.
ChromeDriver was started successfully.
]]></system-err>
  </testcase>
  <testcase name="basNavigationBar" classname="framework.FrameworkBuild.ValidateTitle" time="0">
    <skipped message="session not created: This version of ChromeDriver only supports Chrome version 85&#10;Build info: version: &apos;3.141.59&apos;, revision: &apos;e82be7d358&apos;, time: &apos;2018-11-14T08:17:03&apos;&#10;System info: host: &apos;DELLINSPIRON15&apos;, ip: &apos;192.168.0.104&apos;, os.name: &apos;Windows 10&apos;, os.arch: &apos;amd64&apos;, os.version: &apos;10.0&apos;, java.version: &apos;1.8.0_261&apos;&#10;Driver info: driver.version: ChromeDriver&#10;remote stacktrace: Backtrace:&#10;	Ordinal0 [0x003AD383+3134339]&#10;	Ordinal0 [0x0029A171+2007409]&#10;	Ordinal0 [0x0013AEE8+569064]&#10;	Ordinal0 [0x000C139F+70559]&#10;	Ordinal0 [0x000BCC63+52323]&#10;	Ordinal0 [0x000E0DFC+200188]&#10;	Ordinal0 [0x000E0C1D+199709]&#10;	Ordinal0 [0x000DEB0B+191243]&#10;	Ordinal0 [0x000C2E77+77431]&#10;	Ordinal0 [0x000C3E3E+81470]&#10;	Ordinal0 [0x000C3DC9+81353]&#10;	Ordinal0 [0x002B0CD9+2100441]&#10;	GetHandleVerifier [0x0051B75A+1396954]&#10;	GetHandleVerifier [0x0051B3D9+1396057]&#10;	GetHandleVerifier [0x00527126+1444518]&#10;	GetHandleVerifier [0x0051BCE8+1398376]&#10;	Ordinal0 [0x002A7F51+2064209]&#10;	Ordinal0 [0x002B22EB+2106091]&#10;	Ordinal0 [0x002B2411+2106385]&#10;	Ordinal0 [0x002C49C4+2181572]&#10;	BaseThreadInitThunk [0x77306359+25]&#10;	RtlGetAppContainerNamedObjectPath [0x77648944+228]&#10;	RtlGetAppContainerNamedObjectPath [0x77648914+180]&#10;	(No symbol) [0x00000000]&#10;"/>
  </testcase>
  <testcase name="TearDown" classname="framework.FrameworkBuild.ValidateTitle" time="0">
    <skipped/>
  </testcase>
</testsuite>